2021-11-01 17:45:35 - TRACE: deregistering event source from poller
2021-11-01 17:45:35 - TRACE: signal: Closed
2021-11-01 17:45:51 - INFO: Starting server at localip 192.168.178.89:50051 
2021-11-01 17:45:51 - DEBUG: starting new connection: https://api.ageofempires.com/
2021-11-01 17:45:51 - TRACE: registering event source with poller: token=Token(1), interests=READABLE | WRITABLE
2021-11-01 17:45:52 - TRACE: signal: Want
2021-11-01 17:45:52 - TRACE: signal found waiting giver, notifying
2021-11-01 17:45:52 - TRACE: poll_want: taker wants!
2021-11-01 17:45:52 - DEBUG: response '200 OK' for https://api.ageofempires.com/api/ageiv/Leaderboard
2021-11-01 17:45:52 - TRACE: signal: Want
2021-11-01 17:45:52 - TRACE: signal found waiting giver, notifying
2021-11-01 17:45:52 - TRACE: signal: Want
2021-11-01 17:45:52 - TRACE: poll_want: taker wants!
2021-11-01 17:45:52 - INFO: Leaderboard {
    count: 200,
    items: [
        LeaderboardEntry {
            rlUserId: 7514019,
            userName: "Top Khan",
            avatarUrl: "https://steamcdn-a.akamaihd.net/steamcommunity/public/images/avatars/78/784d55bf776bcd4a814e2b70e26009743b9fe3cd_full.jpg",
            elo: 1602,
            eloRating: 0,
            rank: 1,
            region: "3",
            wins: 23,
            winPercent: 92.0,
            losses: 2,
            winStreak: 6,
        },
        LeaderboardEntry {
            rlUserId: 1102458,
            userName: "MarineLorD",
            avatarUrl: "https://steamcdn-a.akamaihd.net/steamcommunity/public/images/avatars/a0/a0fd8aef8ca069b01c96fe2374dca4e39ff86d2e_full.jpg",
            elo: 1597,
            eloRating: 0,
            rank: 2,
            region: "0",
            wins: 65,
            winPercent: 77.38,
            losses: 19,
            winStreak: 8,
        },
        LeaderboardEntry {
            rlUserId: 7439894,
            userName: "PandaBearMeSC",
            avatarUrl: "https://images-eds-ssl.xboxlive.com/image?url=8Oaj9Ryq1G1_p3lLnXlsaZgGzAie6Mnu24_PawYuDYIoH77pJ.X5Z.MqQPibUVTcS9jr0n8i7LY1tL3U7AiafaE_O.29x2J7xA3bBn1X7cStwzhfiI3BJihf2Xc7cnW5&format=png",
            elo: 1592,
            eloRating: 0,
            rank: 3,
            region: "3",
            wins: 27,
            winPercent: 84.38,
            losses: 5,
            winStreak: 9,
        },
        LeaderboardEntry {
            rlUserId: 5486218,
            userName: "LucifroN7",
            avatarUrl: "https://steamcdn-a.akamaihd.net/steamcommunity/public/images/avatars/da/da539031459a57845d9b1dc9413076acf6cf4250_full.jpg",
            elo: 1568,
            eloRating: 0,
            rank: 4,
            region: "0",
            wins: 21,
            winPercent: 91.3,
            losses: 2,
            winStreak: 2,
        },
        LeaderboardEntry {
            rlUserId: 7323467,
            userName: "League of Legends > RTS",
            avatarUrl: "https://steamcdn-a.akamaihd.net/steamcommunity/public/images/avatars/b5/b507022ad0ce38a8e4c9c305144027bd7bedc96e_full.jpg",
            elo: 1561,
            eloRating: 0,
            rank: 5,
            region: "3",
            wins: 22,
            winPercent: 88.0,
            losses: 3,
            winStreak: -2,
        },
        LeaderboardEntry {
            rlUserId: 4130894,
            userName: "BuzZ_Bleys",
            avatarUrl: "https://steamcdn-a.akamaihd.net/steamcommunity/public/images/avatars/fe/fef49e7fa7e1997310d705b2a6158ff8dc1cdfeb_full.jpg",
            elo: 1552,
            eloRating: 0,
            rank: 6,
            region: "0",
            wins: 33,
            winPercent: 84.62,
            losses: 6,
            winStreak: 2,
        },
        LeaderboardEntry {
            rlUserId: 6925620,
            userName: "fantasteec",
            avatarUrl: "https://steamcdn-a.akamaihd.net/steamcommunity/public/images/avatars/fe/fef49e7fa7e1997310d705b2a6158ff8dc1cdfeb_full.jpg",
            elo: 1552,
            eloRating: 0,
            rank: 7,
            region: "0",
            wins: 57,
            winPercent: 77.03,
            losses: 17,
            winStreak: 8,
        },
        LeaderboardEntry {
            rlUserId: 3621264,
            userName: "Mitoe",
            avatarUrl: "https://steamcdn-a.akamaihd.net/steamcommunity/public/images/avatars/fe/fef49e7fa7e1997310d705b2a6158ff8dc1cdfeb_full.jpg",
            elo: 1537,
            eloRating: 0,
            rank: 8,
            region: "3",
            wins: 22,
            winPercent: 81.48,
            losses: 5,
            winStreak: 3,
        },
        LeaderboardEntry {
            rlUserId: 7453339,
            userName: "DelhiSMLE",
            avatarUrl: "https://steamcdn-a.akamaihd.net/steamcommunity/public/images/avatars/3e/3e7e4608b2e0274e1d37af1c8afddaa4703c4556_full.jpg",
            elo: 1527,
            eloRating: 0,
            rank: 9,
            region: "5",
            wins: 14,
            winPercent: 100.0,
            losses: 0,
            winStreak: 14,
        },
        LeaderboardEntry {
            rlUserId: 1160570,
            userName: "ZertoN",
            avatarUrl: "https://steamcdn-a.akamaihd.net/steamcommunity/public/images/avatars/ba/bae7cfe225728532d4703af6040179590a83281a_full.jpg",
            elo: 1524,
            eloRating: 0,
            rank: 10,
            region: "0",
            wins: 17,
            winPercent: 89.47,
            losses: 2,
            winStreak: 1,
        },
        LeaderboardEntry {
            rlUserId: 60328,
            userName: "VortiX",
            avatarUrl: "https://steamcdn-a.akamaihd.net/steamcommunity/public/images/avatars/68/68b83396136fa9edc9b8bbf1c0f32e463afaf33e_full.jpg",
            elo: 1521,
            eloRating: 0,
            rank: 11,
            region: "0",
            wins: 23,
            winPercent: 85.19,
            losses: 4,
            winStreak: -1,
        },
        LeaderboardEntry {
            rlUserId: 7366222,
            userName: "IamTheGuy",
            avatarUrl: "https://steamcdn-a.akamaihd.net/steamcommunity/public/images/avatars/fe/fef49e7fa7e1997310d705b2a6158ff8dc1cdfeb_full.jpg",
            elo: 1514,
            eloRating: 0,
            rank: 12,
            region: "0",
            wins: 20,
            winPercent: 80.0,
            losses: 5,
            winStreak: -1,
        },
        LeaderboardEntry {
            rlUserId: 3553830,
            userName: "GiveUAnxiety",
            avatarUrl: "https://steamcdn-a.akamaihd.net/steamcommunity/public/images/avatars/e0/e03ec404b643578076fda6357442f038b603029f_full.jpg",
            elo: 1507,
            eloRating: 0,
            rank: 13,
            region: "3",
            wins: 116,
            winPercent: 74.84,
            losses: 39,
            winStreak: 7,
        },
        LeaderboardEntry {
            rlUserId: 7378854,
            userName: "Goliath",
            avatarUrl: "https://steamcdn-a.akamaihd.net/steamcommunity/public/images/avatars/a4/a40bd147073286d76bc64d4fe5caf199ed228384_full.jpg",
            elo: 1502,
            eloRating: 0,
            rank: 14,
            region: "5",
            wins: 18,
            winPercent: 85.71,
            losses: 3,
            winStreak: 1,
        },
        LeaderboardEntry {
            rlUserId: 1798180,
            userName: "ftwcheese",
            avatarUrl: "https://steamcdn-a.akamaihd.net/steamcommunity/public/images/avatars/bf/bf0716fc03c6bde4705407c4ba3f022e0e84ec06_full.jpg",
            elo: 1501,
            eloRating: 0,
            rank: 15,
            region: "0",
            wins: 46,
            winPercent: 68.66,
            losses: 21,
            winStreak: 2,
        },
        LeaderboardEntry {
            rlUserId: 5228376,
            userName: "Blodir",
            avatarUrl: "https://steamcdn-a.akamaihd.net/steamcommunity/public/images/avatars/59/5905150ea427cc0d49d2eacf154fa35f2a9335b7_full.jpg",
            elo: 1500,
            eloRating: 0,
            rank: 16,
            region: "0",
            wins: 41,
            winPercent: 73.21,
            losses: 15,
            winStreak: 3,
        },
        LeaderboardEntry {
            rlUserId: 624929,
            userName: "TheMista",
            avatarUrl: "https://steamcdn-a.akamaihd.net/steamcommunity/public/images/avatars/a7/a7b995ff00241fb09bae6c6fb92bb48ee64601a0_full.jpg",
            elo: 1486,
            eloRating: 0,
            rank: 17,
            region: "0",
            wins: 67,
            winPercent: 90.54,
            losses: 7,
            winStreak: 2,
        },
        LeaderboardEntry {
            rlUserId: 3671968,
            userName: "Matiz",
            avatarUrl: "https://steamcdn-a.akamaihd.net/steamcommunity/public/images/avatars/e2/e239fa2da7200df91953aec6afa4b5116ad116b6_full.jpg",
            elo: 1481,
            eloRating: 0,
            rank: 18,
            region: "0",
            wins: 46,
            winPercent: 67.65,
            losses: 22,
            winStreak: -1,
        },
        LeaderboardEntry {
            rlUserId: 6000037,
            userName: "ZANMATO",
            avatarUrl: "https://steamcdn-a.akamaihd.net/steamcommunity/public/images/avatars/e1/e1173e327e90f14e2f9c4acdd5c82b27a8c1f556_full.jpg",
            elo: 1473,
            eloRating: 0,
            rank: 19,
            region: "0",
            wins: 48,
            winPercent: 78.69,
            losses: 13,
            winStreak: 3,
        },
        LeaderboardEntry {
            rlUserId: 3932761,
            userName: "archsimkat",
            avatarUrl: "https://steamcdn-a.akamaihd.net/steamcommunity/public/images/avatars/47/4730569b9ad46721cc8c0a20c0df86a27e37f708_full.jpg",
            elo: 1461,
            eloRating: 0,
            rank: 20,
            region: "2",
            wins: 16,
            winPercent: 88.89,
            losses: 2,
            winStreak: 7,
        },
        LeaderboardEntry {
            rlUserId: 2970278,
            userName: "Serral",
            avatarUrl: "https://steamcdn-a.akamaihd.net/steamcommunity/public/images/avatars/3a/3a98154f89d9947fdc83cc33641d36e8dd9d7662_full.jpg",
            elo: 1460,
            eloRating: 0,
            rank: 21,
            region: "0",
            wins: 12,
            winPercent: 100.0,
            losses: 0,
            winStreak: 12,
        },
        LeaderboardEntry {
            rlUserId: 5102162,
            userName: "HatakeAnuko",
            avatarUrl: "https://steamcdn-a.akamaihd.net/steamcommunity/public/images/avatars/fe/fef49e7fa7e1997310d705b2a6158ff8dc1cdfeb_full.jpg",
            elo: 1456,
            eloRating: 0,
            rank: 22,
            region: "0",
            wins: 12,
            winPercent: 100.0,
            losses: 0,
            winStreak: 12,
        },
        LeaderboardEntry {
            rlUserId: 303612,
            userName: "HuT",
            avatarUrl: "https://steamcdn-a.akamaihd.net/steamcommunity/public/images/avatars/59/598eb20b7be4f8d1ee5e1a600d499d1d12ab1399_full.jpg",
            elo: 1454,
            eloRating: 0,
            rank: 23,
            region: "5",
            wins: 28,
            winPercent: 75.68,
            losses: 9,
            winStreak: -2,
        },
        LeaderboardEntry {
            rlUserId: 608090,
            userName: "SoldieR",
            avatarUrl: "https://steamcdn-a.akamaihd.net/steamcommunity/public/images/avatars/8a/8a42e8770524143acdc765a57e11e022f9542315_full.jpg",
            elo: 1449,
            eloRating: 0,
            rank: 24,
            region: "3",
            wins: 51,
            winPercent: 68.92,
            losses: 23,
            winStreak: 1,
        },
        LeaderboardEntry {
            rlUserId: 409748,
            userName: "IMP | Capoch",
            avatarUrl: "https://steamcdn-a.akamaihd.net/steamcommunity/public/images/avatars/4b/4b78e53936fdc84e3733f3388b2f51a30b47110e_full.jpg",
            elo: 1448,
            eloRating: 0,
            rank: 25,
            region: "4",
            wins: 46,
            winPercent: 71.88,
            losses: 18,
            winStreak: 1,
        },
        LeaderboardEntry {
            rlUserId: 2195944,
            userName: "KhanDrogo",
            avatarUrl: "https://steamcdn-a.akamaihd.net/steamcommunity/public/images/avatars/fe/fef49e7fa7e1997310d705b2a6158ff8dc1cdfeb_full.jpg",
            elo: 1447,
            eloRating: 0,
            rank: 26,
            region: "0",
            wins: 15,
            winPercent: 83.33,
            losses: 3,
            winStreak: 1,
        },
        LeaderboardEntry {
            rlUserId: 4795863,
            userName: "WhoamI",
            avatarUrl: "https://steamcdn-a.akamaihd.net/steamcommunity/public/images/avatars/fe/fef49e7fa7e1997310d705b2a6158ff8dc1cdfeb_full.jpg",
            elo: 1445,
            eloRating: 0,
            rank: 27,
            region: "2",
            wins: 21,
            winPercent: 75.0,
            losses: 7,
            winStreak: -1,
        },
        LeaderboardEntry {
            rlUserId: 3592037,
            userName: "Knuschelbär",
            avatarUrl: "https://steamcdn-a.akamaihd.net/steamcommunity/public/images/avatars/fe/fef49e7fa7e1997310d705b2a6158ff8dc1cdfeb_full.jpg",
            elo: 1445,
            eloRating: 0,
            rank: 28,
            region: "0",
            wins: 15,
            winPercent: 83.33,
            losses: 3,
            winStreak: -1,
        },
        LeaderboardEntry {
            rlUserId: 280459,
            userName: "RecoN",
            avatarUrl: "https://steamcdn-a.akamaihd.net/steamcommunity/public/images/avatars/5a/5a6b212b18b67bb354a6214852cef20230626aa4_full.jpg",
            elo: 1444,
            eloRating: 0,
            rank: 29,
            region: "0",
            wins: 11,
            winPercent: 100.0,
            losses: 0,
            winStreak: 11,
        },
        LeaderboardEntry {
            rlUserId: 6946021,
            userName: "Seither",
            avatarUrl: "https://steamcdn-a.akamaihd.net/steamcommunity/public/images/avatars/6d/6d5cb8806b26066e39d53e75827dd51c04adb4e5_full.jpg",
            elo: 1442,
            eloRating: 0,
            rank: 30,
            region: "5",
            wins: 26,
            winPercent: 76.47,
            losses: 8,
            winStreak: 1,
        },
        LeaderboardEntry {
            rlUserId: 4379963,
            userName: "SortOf",
            avatarUrl: "https://steamcdn-a.akamaihd.net/steamcommunity/public/images/avatars/3f/3fe4d00e0fef4ef372910683f885c03c9cf1ace8_full.jpg",
            elo: 1439,
            eloRating: 0,
            rank: 31,
            region: "0",
            wins: 11,
            winPercent: 100.0,
            losses: 0,
            winStreak: 11,
        },
        LeaderboardEntry {
            rlUserId: 193771,
            userName: "Blade55555",
            avatarUrl: "https://steamcdn-a.akamaihd.net/steamcommunity/public/images/avatars/75/7598461698646882ab5042cd627508c62fe6a9bf_full.jpg",
            elo: 1436,
            eloRating: 0,
            rank: 32,
            region: "3",
            wins: 24,
            winPercent: 75.0,
            losses: 8,
            winStreak: 3,
        },
        LeaderboardEntry {
            rlUserId: 256338,
            userName: "Running",
            avatarUrl: "https://steamcdn-a.akamaihd.net/steamcommunity/public/images/avatars/47/47fef78270fb728879133dd4afdbe9aecf07794b_full.jpg",
            elo: 1434,
            eloRating: 0,
            rank: 33,
            region: "0",
            wins: 12,
            winPercent: 92.31,
            losses: 1,
            winStreak: 2,
        },
        LeaderboardEntry {
            rlUserId: 4645925,
            userName: "IamMagic",
            avatarUrl: "https://steamcdn-a.akamaihd.net/steamcommunity/public/images/avatars/fe/fef49e7fa7e1997310d705b2a6158ff8dc1cdfeb_full.jpg",
            elo: 1432,
            eloRating: 0,
            rank: 34,
            region: "3",
            wins: 11,
            winPercent: 100.0,
            losses: 0,
            winStreak: 11,
        },
        LeaderboardEntry {
            rlUserId: 197388,
            userName: "GL.TaToH",
            avatarUrl: "https://steamcdn-a.akamaihd.net/steamcommunity/public/images/avatars/ae/ae4871a1988149ba344b267153a6489c9166a07f_full.jpg",
            elo: 1428,
            eloRating: 0,
            rank: 35,
            region: "0",
            wins: 49,
            winPercent: 63.64,
            losses: 28,
            winStreak: 2,
        },
        LeaderboardEntry {
            rlUserId: 196240,
            userName: "GL.TheViper",
            avatarUrl: "https://steamcdn-a.akamaihd.net/steamcommunity/public/images/avatars/ee/eefa125e4e662af9600355746783166942b8a1ff_full.jpg",
            elo: 1427,
            eloRating: 0,
            rank: 36,
            region: "0",
            wins: 56,
            winPercent: 60.87,
            losses: 36,
            winStreak: 5,
        },
        LeaderboardEntry {
            rlUserId: 57775,
            userName: "iaguz",
            avatarUrl: "https://steamcdn-a.akamaihd.net/steamcommunity/public/images/avatars/ba/baf5ee1db380049ce9b2a0f3f1dfb78ca5d750c0_full.jpg",
            elo: 1427,
            eloRating: 0,
            rank: 37,
            region: "5",
            wins: 32,
            winPercent: 65.31,
            losses: 17,
            winStreak: 2,
        },
        LeaderboardEntry {
            rlUserId: 3587109,
            userName: "Aussie_Drongo",
            avatarUrl: "https://steamcdn-a.akamaihd.net/steamcommunity/public/images/avatars/43/43d442b90be5ac18959aa7f2a9d7f33aac45e313_full.jpg",
            elo: 1427,
            eloRating: 0,
            rank: 38,
            region: "5",
            wins: 64,
            winPercent: 65.31,
            losses: 34,
            winStreak: 1,
        },
        LeaderboardEntry {
            rlUserId: 357026,
            userName: "JidbaChris",
            avatarUrl: "https://steamcdn-a.akamaihd.net/steamcommunity/public/images/avatars/fd/fd095b1bfc2636385c61b5e1416ab7c5b5f83373_full.jpg",
            elo: 1425,
            eloRating: 0,
            rank: 39,
            region: "0",
            wins: 11,
            winPercent: 100.0,
            losses: 0,
            winStreak: 11,
        },
        LeaderboardEntry {
            rlUserId: 1224481,
            userName: "FB.Kasva",
            avatarUrl: "https://steamcdn-a.akamaihd.net/steamcommunity/public/images/avatars/1f/1fdd717612904b66da8cd352117b3dd06aae9f45_full.jpg",
            elo: 1421,
            eloRating: 0,
            rank: 40,
            region: "2",
            wins: 148,
            winPercent: 59.92,
            losses: 99,
            winStreak: 2,
        },
        LeaderboardEntry {
            rlUserId: 7018508,
            userName: "D.Va",
            avatarUrl: "https://steamcdn-a.akamaihd.net/steamcommunity/public/images/avatars/fe/fef49e7fa7e1997310d705b2a6158ff8dc1cdfeb_full.jpg",
            elo: 1418,
            eloRating: 0,
            rank: 41,
            region: "3",
            wins: 11,
            winPercent: 91.67,
            losses: 1,
            winStreak: -1,
        },
        LeaderboardEntry {
            rlUserId: 7255759,
            userName: "Bonjwa.Honor",
            avatarUrl: "https://steamcdn-a.akamaihd.net/steamcommunity/public/images/avatars/fe/fef49e7fa7e1997310d705b2a6158ff8dc1cdfeb_full.jpg",
            elo: 1417,
            eloRating: 0,
            rank: 42,
            region: "0",
            wins: 15,
            winPercent: 75.0,
            losses: 5,
            winStreak: -2,
        },
        LeaderboardEntry {
            rlUserId: 2422278,
            userName: "lemmings",
            avatarUrl: "https://steamcdn-a.akamaihd.net/steamcommunity/public/images/avatars/28/28788265078bb723375707a550ff757a1305df27_full.jpg",
            elo: 1414,
            eloRating: 0,
            rank: 43,
            region: "4",
            wins: 10,
            winPercent: 100.0,
            losses: 0,
            winStreak: 10,
        },
        LeaderboardEntry {
            rlUserId: 5441455,
            userName: "EEL_Hagrit",
            avatarUrl: "https://steamcdn-a.akamaihd.net/steamcommunity/public/images/avatars/a5/a527879ec04747e612857e1190b23941f4535aef_full.jpg",
            elo: 1414,
            eloRating: 0,
            rank: 44,
            region: "0",
            wins: 19,
            winPercent: 76.0,
            losses: 6,
            winStreak: 1,
        },
        LeaderboardEntry {
            rlUserId: 1261971,
            userName: "Nerazim",
            avatarUrl: "https://steamcdn-a.akamaihd.net/steamcommunity/public/images/avatars/71/716ed0092a3ecaa34d8c8e1a4efdfe4804f624b6_full.jpg",
            elo: 1413,
            eloRating: 0,
            rank: 45,
            region: "0",
            wins: 45,
            winPercent: 60.81,
            losses: 29,
            winStreak: 2,
        },
        LeaderboardEntry {
            rlUserId: 6235077,
            userName: "Probe",
            avatarUrl: "https://steamcdn-a.akamaihd.net/steamcommunity/public/images/avatars/f8/f81e3dc669875701f12d292c9f6bcf772a2d878e_full.jpg",
            elo: 1413,
            eloRating: 0,
            rank: 46,
            region: "5",
            wins: 26,
            winPercent: 68.42,
            losses: 12,
            winStreak: 2,
        },
        LeaderboardEntry {
            rlUserId: 7443831,
            userName: "fatpenguin0v0",
            avatarUrl: "https://images-eds-ssl.xboxlive.com/image?url=z951ykn43p4FqWbbFvR2Ec.8vbDhj8G2Xe7JngaTToBrrCmIEEXHC9UNrdJ6P7KInFWvSpSRjZdv2hLMF4c4dViK_Z2zgkzNxJRIsF9T7pwsU3bgtK_DYSQE3PXsh8lr&format=png",
            elo: 1411,
            eloRating: 0,
            rank: 47,
            region: "2",
            wins: 12,
            winPercent: 92.31,
            losses: 1,
            winStreak: 8,
        },
        LeaderboardEntry {
            rlUserId: 6924135,
            userName: "Szalamii1",
            avatarUrl: "https://steamcdn-a.akamaihd.net/steamcommunity/public/images/avatars/12/12e16c27625502d12fc2dfc33f9a04dab9260f83_full.jpg",
            elo: 1410,
            eloRating: 0,
            rank: 48,
            region: "0",
            wins: 72,
            winPercent: 60.5,
            losses: 47,
            winStreak: 11,
        },
        LeaderboardEntry {
            rlUserId: 6524042,
            userName: "ZGLight",
            avatarUrl: "https://steamcdn-a.akamaihd.net/steamcommunity/public/images/avatars/fe/fef49e7fa7e1997310d705b2a6158ff8dc1cdfeb_full.jpg",
            elo: 1409,
            eloRating: 0,
            rank: 49,
            region: "0",
            wins: 31,
            winPercent: 68.89,
            losses: 14,
            winStreak: 1,
        },
        LeaderboardEntry {
            rlUserId: 7159986,
            userName: "Trebuchet",
            avatarUrl: "https://steamcdn-a.akamaihd.net/steamcommunity/public/images/avatars/fe/fef49e7fa7e1997310d705b2a6158ff8dc1cdfeb_full.jpg",
            elo: 1409,
            eloRating: 0,
            rank: 50,
            region: "0",
            wins: 10,
            winPercent: 100.0,
            losses: 0,
            winStreak: 10,
        },
        LeaderboardEntry {
            rlUserId: 6880143,
            userName: "NyanRacingCat",
            avatarUrl: "https://steamcdn-a.akamaihd.net/steamcommunity/public/images/avatars/21/2174e04b4add0bcebe91f548343e0bcd59491926_full.jpg",
            elo: 1407,
            eloRating: 0,
            rank: 51,
            region: "3",
            wins: 58,
            winPercent: 68.24,
            losses: 27,
            winStreak: 2,
        },
        LeaderboardEntry {
            rlUserId: 209204,
            userName: "ITA | Killer_Storm_",
            avatarUrl: "https://steamcdn-a.akamaihd.net/steamcommunity/public/images/avatars/c7/c79562b5419db62c3cb17d8405f67828f445849b_full.jpg",
            elo: 1407,
            eloRating: 0,
            rank: 52,
            region: "0",
            wins: 10,
            winPercent: 100.0,
            losses: 0,
            winStreak: 10,
        },
        LeaderboardEntry {
            rlUserId: 488535,
            userName: "Arias",
            avatarUrl: "https://steamcdn-a.akamaihd.net/steamcommunity/public/images/avatars/58/580c5e9f8e90ff325291cd53aedab5b4954deb70_full.jpg",
            elo: 1406,
            eloRating: 0,
            rank: 53,
            region: "0",
            wins: 12,
            winPercent: 92.31,
            losses: 1,
            winStreak: 6,
        },
        LeaderboardEntry {
            rlUserId: 1486575,
            userName: "dadinho",
            avatarUrl: "https://steamcdn-a.akamaihd.net/steamcommunity/public/images/avatars/fe/fef49e7fa7e1997310d705b2a6158ff8dc1cdfeb_full.jpg",
            elo: 1406,
            eloRating: 0,
            rank: 54,
            region: "4",
            wins: 13,
            winPercent: 86.67,
            losses: 2,
            winStreak: -1,
        },
        LeaderboardEntry {
            rlUserId: 3387298,
            userName: "Jui",
            avatarUrl: "https://steamcdn-a.akamaihd.net/steamcommunity/public/images/avatars/fe/fef49e7fa7e1997310d705b2a6158ff8dc1cdfeb_full.jpg",
            elo: 1404,
            eloRating: 0,
            rank: 55,
            region: "2",
            wins: 10,
            winPercent: 100.0,
            losses: 0,
            winStreak: 10,
        },
        LeaderboardEntry {
            rlUserId: 909332,
            userName: "TheXnore",
            avatarUrl: "https://steamcdn-a.akamaihd.net/steamcommunity/public/images/avatars/1b/1badc14ff5ed54014480f9146b43836cbc25cb35_full.jpg",
            elo: 1403,
            eloRating: 0,
            rank: 56,
            region: "0",
            wins: 10,
            winPercent: 100.0,
            losses: 0,
            winStreak: 10,
        },
        LeaderboardEntry {
            rlUserId: 5314202,
            userName: "EnglandSmile",
            avatarUrl: "https://steamcdn-a.akamaihd.net/steamcommunity/public/images/avatars/52/52bccd9fe1249a9eab3ba3066958ee4d26a25752_full.jpg",
            elo: 1403,
            eloRating: 0,
            rank: 57,
            region: "0",
            wins: 10,
            winPercent: 100.0,
            losses: 0,
            winStreak: 10,
        },
        LeaderboardEntry {
            rlUserId: 224786,
            userName: "VNS_CooL_",
            avatarUrl: "https://steamcdn-a.akamaihd.net/steamcommunity/public/images/avatars/04/0482f83a6dc745fe72a02d3c63639c200d5705ee_full.jpg",
            elo: 1402,
            eloRating: 0,
            rank: 58,
            region: "2",
            wins: 30,
            winPercent: 76.92,
            losses: 9,
            winStreak: 1,
        },
        LeaderboardEntry {
            rlUserId: 7030823,
            userName: "Lagost4",
            avatarUrl: "https://images-eds-ssl.xboxlive.com/image?url=z951ykn43p4FqWbbFvR2Ec.8vbDhj8G2Xe7JngaTToBrrCmIEEXHC9UNrdJ6P7KIwuPiuIs6TLDV4WsQAGzSwhtPXK324jSFISZXwjn7Pxep.qUTgu_FaqU1f_RnUzRI&format=png",
            elo: 1402,
            eloRating: 0,
            rank: 59,
            region: "4",
            wins: 21,
            winPercent: 70.0,
            losses: 9,
            winStreak: 2,
        },
        LeaderboardEntry {
            rlUserId: 5652247,
            userName: "Jebediah Kerman",
            avatarUrl: "https://steamcdn-a.akamaihd.net/steamcommunity/public/images/avatars/f2/f20e4525d43373bb602012c3b0e36c48bba20878_full.jpg",
            elo: 1400,
            eloRating: 0,
            rank: 60,
            region: "4",
            wins: 10,
            winPercent: 100.0,
            losses: 0,
            winStreak: 10,
        },
        LeaderboardEntry {
            rlUserId: 932285,
            userName: "Mr. Bepsi",
            avatarUrl: "https://steamcdn-a.akamaihd.net/steamcommunity/public/images/avatars/bb/bb0a3f11709d71a6e0982bf085b1ba4e472d6878_full.jpg",
            elo: 1400,
            eloRating: 0,
            rank: 61,
            region: "3",
            wins: 10,
            winPercent: 100.0,
            losses: 0,
            winStreak: 10,
        },
        LeaderboardEntry {
            rlUserId: 670433,
            userName: "Punto Cabrio",
            avatarUrl: "https://images-eds-ssl.xboxlive.com/image?url=z951ykn43p4FqWbbFvR2Ec.8vbDhj8G2Xe7JngaTToBrrCmIEEXHC9UNrdJ6P7KIFXxmxGDtE9Vkd62rOpb7JT_j58Q6i.On4e0rlPZkRZFa_U7x6LZkegc0nF9BeIh7&format=png",
            elo: 1400,
            eloRating: 0,
            rank: 62,
            region: "0",
            wins: 11,
            winPercent: 91.67,
            losses: 1,
            winStreak: 3,
        },
        LeaderboardEntry {
            rlUserId: 7195,
            userName: "Conquerer97",
            avatarUrl: "https://steamcdn-a.akamaihd.net/steamcommunity/public/images/avatars/1f/1f5fdbb365b73078a0d834e89cce38fb67cbcac4_full.jpg",
            elo: 1397,
            eloRating: 0,
            rank: 63,
            region: "3",
            wins: 10,
            winPercent: 100.0,
            losses: 0,
            winStreak: 10,
        },
        LeaderboardEntry {
            rlUserId: 2293117,
            userName: "Bonjwa.Redpanda",
            avatarUrl: "https://steamcdn-a.akamaihd.net/steamcommunity/public/images/avatars/45/45cfcf4262adb2e10944cb3e27021f10e9ec900f_full.jpg",
            elo: 1396,
            eloRating: 0,
            rank: 64,
            region: "0",
            wins: 76,
            winPercent: 58.02,
            losses: 55,
            winStreak: 2,
        },
        LeaderboardEntry {
            rlUserId: 198035,
            userName: "GL.DauT",
            avatarUrl: "https://steamcdn-a.akamaihd.net/steamcommunity/public/images/avatars/fe/fef49e7fa7e1997310d705b2a6158ff8dc1cdfeb_full.jpg",
            elo: 1394,
            eloRating: 0,
            rank: 65,
            region: "0",
            wins: 52,
            winPercent: 63.41,
            losses: 30,
            winStreak: 4,
        },
        LeaderboardEntry {
            rlUserId: 5289089,
            userName: "Eery",
            avatarUrl: "https://steamcdn-a.akamaihd.net/steamcommunity/public/images/avatars/05/052db86de16c7337e41466c84421f6ea0cecead8_full.jpg",
            elo: 1394,
            eloRating: 0,
            rank: 66,
            region: "0",
            wins: 22,
            winPercent: 62.86,
            losses: 13,
            winStreak: 1,
        },
        LeaderboardEntry {
            rlUserId: 4009367,
            userName: "1Elias",
            avatarUrl: "https://steamcdn-a.akamaihd.net/steamcommunity/public/images/avatars/fe/fef49e7fa7e1997310d705b2a6158ff8dc1cdfeb_full.jpg",
            elo: 1393,
            eloRating: 0,
            rank: 67,
            region: "0",
            wins: 12,
            winPercent: 85.71,
            losses: 2,
            winStreak: 1,
        },
        LeaderboardEntry {
            rlUserId: 734577,
            userName: "Inzane",
            avatarUrl: "https://steamcdn-a.akamaihd.net/steamcommunity/public/images/avatars/56/5670ae6b2df525b9eb43433cfcd95d71b94d1c70_full.jpg",
            elo: 1393,
            eloRating: 0,
            rank: 68,
            region: "0",
            wins: 32,
            winPercent: 65.31,
            losses: 17,
            winStreak: 2,
        },
        LeaderboardEntry {
            rlUserId: 4620061,
            userName: "Phantom of the Desert",
            avatarUrl: "https://steamcdn-a.akamaihd.net/steamcommunity/public/images/avatars/fe/fef49e7fa7e1997310d705b2a6158ff8dc1cdfeb_full.jpg",
            elo: 1391,
            eloRating: 0,
            rank: 69,
            region: "0",
            wins: 15,
            winPercent: 71.43,
            losses: 6,
            winStreak: -2,
        },
        LeaderboardEntry {
            rlUserId: 6946065,
            userName: "3D!Bee",
            avatarUrl: "https://steamcdn-a.akamaihd.net/steamcommunity/public/images/avatars/6f/6fa4d36f3f91eda8b8f029147133065dd10e5e68_full.jpg",
            elo: 1388,
            eloRating: 0,
            rank: 70,
            region: "0",
            wins: 51,
            winPercent: 60.0,
            losses: 34,
            winStreak: 2,
        },
        LeaderboardEntry {
            rlUserId: 3158960,
            userName: "鱼塘里都是鲨鱼",
            avatarUrl: "https://steamcdn-a.akamaihd.net/steamcommunity/public/images/avatars/37/370525b773aff43061fefea7c4750bc966eec3aa_full.jpg",
            elo: 1385,
            eloRating: 0,
            rank: 71,
            region: "2",
            wins: 16,
            winPercent: 72.73,
            losses: 6,
            winStreak: 1,
        },
        LeaderboardEntry {
            rlUserId: 121769,
            userName: "simtom",
            avatarUrl: "https://steamcdn-a.akamaihd.net/steamcommunity/public/images/avatars/89/890167b3ec66ac31ec21e47cd6caaba4e40aca0d_full.jpg",
            elo: 1385,
            eloRating: 0,
            rank: 72,
            region: "0",
            wins: 13,
            winPercent: 81.25,
            losses: 3,
            winStreak: -1,
        },
        LeaderboardEntry {
            rlUserId: 3610171,
            userName: "khorix",
            avatarUrl: "https://steamcdn-a.akamaihd.net/steamcommunity/public/images/avatars/72/72f6d3e0cad0200486a56db45a165090eed23f35_full.jpg",
            elo: 1383,
            eloRating: 0,
            rank: 73,
            region: "3",
            wins: 37,
            winPercent: 59.68,
            losses: 25,
            winStreak: 2,
        },
        LeaderboardEntry {
            rlUserId: 219632,
            userName: "Pekora NEKO",
            avatarUrl: "https://steamcdn-a.akamaihd.net/steamcommunity/public/images/avatars/33/338e47d14a3f328cb815e105ba57408ffd367b90_full.jpg",
            elo: 1381,
            eloRating: 0,
            rank: 74,
            region: "2",
            wins: 21,
            winPercent: 72.41,
            losses: 8,
            winStreak: 2,
        },
        LeaderboardEntry {
            rlUserId: 786466,
            userName: "_SSSylas",
            avatarUrl: "https://steamcdn-a.akamaihd.net/steamcommunity/public/images/avatars/bf/bf8a1474e08caea52a46db16bc619e8f746a6d99_full.jpg",
            elo: 1381,
            eloRating: 0,
            rank: 75,
            region: "0",
            wins: 10,
            winPercent: 90.91,
            losses: 1,
            winStreak: -1,
        },
        LeaderboardEntry {
            rlUserId: 891296,
            userName: "StriKeR",
            avatarUrl: "https://steamcdn-a.akamaihd.net/steamcommunity/public/images/avatars/dc/dcaf8a72bd3e2a00f25062ff524033c1e2aa47e0_full.jpg",
            elo: 1380,
            eloRating: 0,
            rank: 76,
            region: "0",
            wins: 30,
            winPercent: 61.22,
            losses: 19,
            winStreak: 1,
        },
        LeaderboardEntry {
            rlUserId: 7397146,
            userName: "Why is this game so imbalanced?",
            avatarUrl: "https://steamcdn-a.akamaihd.net/steamcommunity/public/images/avatars/fe/fef49e7fa7e1997310d705b2a6158ff8dc1cdfeb_full.jpg",
            elo: 1380,
            eloRating: 0,
            rank: 77,
            region: "3",
            wins: 13,
            winPercent: 72.22,
            losses: 5,
            winStreak: -4,
        },
        LeaderboardEntry {
            rlUserId: 599689,
            userName: "RoR | Vodka_L_",
            avatarUrl: "https://steamcdn-a.akamaihd.net/steamcommunity/public/images/avatars/42/4294a0704798e1e5a8c0889e4636e9077bf5d7f5_full.jpg",
            elo: 1379,
            eloRating: 0,
            rank: 78,
            region: "0",
            wins: 24,
            winPercent: 68.57,
            losses: 11,
            winStreak: 2,
        },
        LeaderboardEntry {
            rlUserId: 961177,
            userName: "Mr9been",
            avatarUrl: "https://steamcdn-a.akamaihd.net/steamcommunity/public/images/avatars/06/060288e1f57797828f30a17e3a52e7161b60dbd8_full.jpg",
            elo: 1379,
            eloRating: 0,
            rank: 79,
            region: "0",
            wins: 16,
            winPercent: 76.19,
            losses: 5,
            winStreak: -1,
        },
        LeaderboardEntry {
            rlUserId: 7410194,
            userName: "OrangUtan",
            avatarUrl: "https://steamcdn-a.akamaihd.net/steamcommunity/public/images/avatars/f9/f9b2dbbe6efcfb1322280f54d5ce3df4247b2346_full.jpg",
            elo: 1378,
            eloRating: 0,
            rank: 80,
            region: "0",
            wins: 10,
            winPercent: 90.91,
            losses: 1,
            winStreak: 1,
        },
        LeaderboardEntry {
            rlUserId: 499923,
            userName: "PiezoD",
            avatarUrl: "https://steamcdn-a.akamaihd.net/steamcommunity/public/images/avatars/83/83a4bf4d7b74127eedff68207c1a9ece78ff19d4_full.jpg",
            elo: 1376,
            eloRating: 0,
            rank: 81,
            region: "0",
            wins: 25,
            winPercent: 64.1,
            losses: 14,
            winStreak: 1,
        },
        LeaderboardEntry {
            rlUserId: 1575399,
            userName: "400茶了，发东西啊",
            avatarUrl: "https://steamcdn-a.akamaihd.net/steamcommunity/public/images/avatars/fe/fef49e7fa7e1997310d705b2a6158ff8dc1cdfeb_full.jpg",
            elo: 1376,
            eloRating: 0,
            rank: 82,
            region: "2",
            wins: 28,
            winPercent: 63.64,
            losses: 16,
            winStreak: 4,
        },
        LeaderboardEntry {
            rlUserId: 5099388,
            userName: "Don Artie",
            avatarUrl: "https://steamcdn-a.akamaihd.net/steamcommunity/public/images/avatars/eb/ebcdbc2a0ee6f8afaa455e82d300417bf250f414_full.jpg",
            elo: 1375,
            eloRating: 0,
            rank: 83,
            region: "0",
            wins: 37,
            winPercent: 62.71,
            losses: 22,
            winStreak: -1,
        },
        LeaderboardEntry {
            rlUserId: 6463414,
            userName: "LaFaf",
            avatarUrl: "https://steamcdn-a.akamaihd.net/steamcommunity/public/images/avatars/ef/efacfc1a9c8424368f92298e0d3b42ddf75c6030_full.jpg",
            elo: 1372,
            eloRating: 0,
            rank: 84,
            region: "3",
            wins: 14,
            winPercent: 73.68,
            losses: 5,
            winStreak: 2,
        },
        LeaderboardEntry {
            rlUserId: 6945613,
            userName: "Tomos3723",
            avatarUrl: "https://images-eds-ssl.xboxlive.com/image?url=8Oaj9Ryq1G1_p3lLnXlsaZgGzAie6Mnu24_PawYuDYIoH77pJ.X5Z.MqQPibUVTcS9jr0n8i7LY1tL3U7AiafREjPKOer2HilhMeyq.kS4xeA5shX_C3j.zbOXlsFyVm&format=png",
            elo: 1372,
            eloRating: 0,
            rank: 85,
            region: "0",
            wins: 13,
            winPercent: 86.67,
            losses: 2,
            winStreak: 9,
        },
        LeaderboardEntry {
            rlUserId: 3587969,
            userName: "ZhuGeLiang",
            avatarUrl: "https://steamcdn-a.akamaihd.net/steamcommunity/public/images/avatars/fe/fef49e7fa7e1997310d705b2a6158ff8dc1cdfeb_full.jpg",
            elo: 1370,
            eloRating: 0,
            rank: 86,
            region: "0",
            wins: 13,
            winPercent: 81.25,
            losses: 3,
            winStreak: 2,
        },
        LeaderboardEntry {
            rlUserId: 3638557,
            userName: "_.~._ KaMa_.~._",
            avatarUrl: "https://steamcdn-a.akamaihd.net/steamcommunity/public/images/avatars/f2/f2a94165d76ea44ab0351b1b2ae91cca16e13367_full.jpg",
            elo: 1369,
            eloRating: 0,
            rank: 87,
            region: "0",
            wins: 32,
            winPercent: 64.0,
            losses: 18,
            winStreak: 1,
        },
        LeaderboardEntry {
            rlUserId: 6334219,
            userName: "Тра_Хер",
            avatarUrl: "https://steamcdn-a.akamaihd.net/steamcommunity/public/images/avatars/97/97160156c8ba00844c2d146fc8d5fa29367fcfaa_full.jpg",
            elo: 1369,
            eloRating: 0,
            rank: 88,
            region: "0",
            wins: 12,
            winPercent: 80.0,
            losses: 3,
            winStreak: 1,
        },
        LeaderboardEntry {
            rlUserId: 2905696,
            userName: "Mulfar",
            avatarUrl: "https://steamcdn-a.akamaihd.net/steamcommunity/public/images/avatars/fe/fef49e7fa7e1997310d705b2a6158ff8dc1cdfeb_full.jpg",
            elo: 1369,
            eloRating: 0,
            rank: 89,
            region: "3",
            wins: 37,
            winPercent: 62.71,
            losses: 22,
            winStreak: 3,
        },
        LeaderboardEntry {
            rlUserId: 2630722,
            userName: "Hasuu",
            avatarUrl: "https://steamcdn-a.akamaihd.net/steamcommunity/public/images/avatars/fe/fef49e7fa7e1997310d705b2a6158ff8dc1cdfeb_full.jpg",
            elo: 1368,
            eloRating: 0,
            rank: 90,
            region: "3",
            wins: 11,
            winPercent: 84.62,
            losses: 2,
            winStreak: 1,
        },
        LeaderboardEntry {
            rlUserId: 3587904,
            userName: "Snoopa",
            avatarUrl: "https://steamcdn-a.akamaihd.net/steamcommunity/public/images/avatars/50/50b494079c6453758da1c8cbdd31d68f268513a4_full.jpg",
            elo: 1368,
            eloRating: 0,
            rank: 91,
            region: "5",
            wins: 45,
            winPercent: 60.81,
            losses: 29,
            winStreak: 5,
        },
        LeaderboardEntry {
            rlUserId: 997328,
            userName: "xoxo",
            avatarUrl: "https://steamcdn-a.akamaihd.net/steamcommunity/public/images/avatars/6b/6b0b5181e2b30b040cef03eb8f90a2ad27ff77e5_full.jpg",
            elo: 1368,
            eloRating: 0,
            rank: 92,
            region: "5",
            wins: 15,
            winPercent: 75.0,
            losses: 5,
            winStreak: -1,
        },
        LeaderboardEntry {
            rlUserId: 244584,
            userName: "Nakamura RTS",
            avatarUrl: "https://steamcdn-a.akamaihd.net/steamcommunity/public/images/avatars/ba/ba2caf5d75b9593cb880e3a0cc6af9a6c1ecf96a_full.jpg",
            elo: 1366,
            eloRating: 0,
            rank: 93,
            region: "0",
            wins: 41,
            winPercent: 66.13,
            losses: 21,
            winStreak: 1,
        },
        LeaderboardEntry {
            rlUserId: 199325,
            userName: "[aM] Hera",
            avatarUrl: "https://steamcdn-a.akamaihd.net/steamcommunity/public/images/avatars/fe/fef49e7fa7e1997310d705b2a6158ff8dc1cdfeb_full.jpg",
            elo: 1365,
            eloRating: 0,
            rank: 94,
            region: "3",
            wins: 58,
            winPercent: 61.05,
            losses: 37,
            winStreak: -2,
        },
        LeaderboardEntry {
            rlUserId: 1270139,
            userName: "Beastyqt",
            avatarUrl: "https://steamcdn-a.akamaihd.net/steamcommunity/public/images/avatars/c4/c402c2cddcc8f0d6ee10bee8a63b514fc6761e1a_full.jpg",
            elo: 1364,
            eloRating: 0,
            rank: 95,
            region: "0",
            wins: 13,
            winPercent: 81.25,
            losses: 3,
            winStreak: 4,
        },
        LeaderboardEntry {
            rlUserId: 6471623,
            userName: "Kestrel",
            avatarUrl: "https://steamcdn-a.akamaihd.net/steamcommunity/public/images/avatars/fe/fef49e7fa7e1997310d705b2a6158ff8dc1cdfeb_full.jpg",
            elo: 1364,
            eloRating: 0,
            rank: 96,
            region: "0",
            wins: 31,
            winPercent: 62.0,
            losses: 19,
            winStreak: 3,
        },
        LeaderboardEntry {
            rlUserId: 2872841,
            userName: "XCet7484",
            avatarUrl: "https://images-eds-ssl.xboxlive.com/image?url=_ypRc.tDkw6ssGJei7uFnjPBFhPKOw9luaoEyDH5ID4hKQeLSM6t5EnoYLpobrjpsQMRuwkDkvQPZ67SsL1FSBaoDI6zGVjrXVF6hUiSE3s-&background=0xababab&format=png",
            elo: 1363,
            eloRating: 0,
            rank: 97,
            region: "0",
            wins: 13,
            winPercent: 76.47,
            losses: 4,
            winStreak: -2,
        },
        LeaderboardEntry {
            rlUserId: 289473,
            userName: "[FrCo] Shulk",
            avatarUrl: "https://steamcdn-a.akamaihd.net/steamcommunity/public/images/avatars/af/afce64f942da2a9735460b4bed2271d95ebc617a_full.jpg",
            elo: 1361,
            eloRating: 0,
            rank: 98,
            region: "0",
            wins: 10,
            winPercent: 83.33,
            losses: 2,
            winStreak: 5,
        },
        LeaderboardEntry {
            rlUserId: 585764,
            userName: "DivineDFP (twitch.tv/DivineDFP_)",
            avatarUrl: "https://steamcdn-a.akamaihd.net/steamcommunity/public/images/avatars/96/962683bd07d5a2b59af6450fa0a2cc23c0a2890b_full.jpg",
            elo: 1360,
            eloRating: 0,
            rank: 99,
            region: "3",
            wins: 49,
            winPercent: 59.76,
            losses: 33,
            winStreak: -1,
        },
        LeaderboardEntry {
            rlUserId: 5250872,
            userName: "Khas",
            avatarUrl: "https://steamcdn-a.akamaihd.net/steamcommunity/public/images/avatars/4f/4f52c7a323b067ab813afad1b1ff562ded6c3f2c_full.jpg",
            elo: 1360,
            eloRating: 0,
            rank: 100,
            region: "0",
            wins: 16,
            winPercent: 72.73,
            losses: 6,
            winStreak: 1,
        },
    ],
}
2021-11-01 17:45:52 - TRACE: deregistering event source from poller
2021-11-01 17:45:52 - TRACE: signal: Closed
